
  gPROMS (R) - Version 2022.2.2 (x64) for Linux 6.8.0-38-generic x86_64 Apr 11 2023
general PROcess Modelling System

Copyright (c) Siemens 1997-2023

gPROMS is a trademark of Siemens Process Systems Engineering Limited.
All other registered and pending trademarks mentioned in this
software are considered the sole property of their respective
owners. All rights reserved.

This computer program is protected by copyright law and 
international treaties. Unauthorised copying, reproduction or
distribution of this program is a violation of applicable laws.

Visit WWW at http://www.psenterprise.com/ for more information.
Access https://support.sw.siemens.com/en-US/support-case for product support.

Connecting to license server.
Requesting license for 9100_GPROMS_ENCRYPTED from server ...
FLEXlm - checkout failed: Cannot connect to license server system.
     The license server manager (lmgrd) has not been started yet,
     the wrong port@host or license file is being used, or the
     port or hostname in the license file has been changed.
    Feature:       9100_GPROMS_ENCRYPTED
    Server name:   localhost
    License path:  @localhost:/usr/local/pse/gPROCESS_2023/gPROMS-core_2022.2.2.55277/licenses/*.lic:license.dat:*.lic:
    FLEXlm Licensing error:-15,570.  System Error: 115 "Operation now in progress"
License request failed (LICENSE_ERROR)
Disconnected from license server.
