
  gPROMS (R) - Version 2022.2.2 (x64) for Linux 6.8.0-39-generic x86_64 Apr 11 2023
general PROcess Modelling System

Copyright (c) Siemens 1997-2023

gPROMS is a trademark of Siemens Process Systems Engineering Limited.
All other registered and pending trademarks mentioned in this
software are considered the sole property of their respective
owners. All rights reserved.

This computer program is protected by copyright law and 
international treaties. Unauthorised copying, reproduction or
distribution of this program is a violation of applicable laws.

Visit WWW at http://www.psenterprise.com/ for more information.
Access https://support.sw.siemens.com/en-US/support-case for product support.

Connecting to license server.
Requesting license for 9100_GPROMS_ENCRYPTED from server ...
License granted by server gproms.cc.ic.ac.uk.

The following processes are available:

  gOPythonSamanVariableGroupInput

Requesting license for 9100_SIM from server ...
License granted by server gproms.cc.ic.ac.uk.
Execution of gOPythonSamanVariableGroupInput fails prematurely.
Block information for reinitialisation will be used.
Block information was also found for: initialisation, postcalculation

Simulation took 38.1683 seconds.
Total CPU time: 38.042

Performing Foreign Object termination: "gSAFT::CCS_Mie_Databank_221020.xml<water,ABSORBENT(NH2_2nd;NH_2nd;N_2nd;CH3;CH2;CH;C;CH2OH;CH2OH_Short;NH2;NH;N;OH;OH_Short),carbon_dioxide,nitrogen>"
  Returning license for 0831_SF_ENGINE to server ...
  License returned to server.
Returning license for 9100_SIM to server ...
License returned to server.
Returning license for 9100_GPROMS_ENCRYPTED to server ...
License returned to server.
Disconnected from license server.
